<?xml version="1.0" encoding="UTF-8" ?>
<testsuite tests="1" failures="0" name="app.SaveToMongoTest" time="61.254" errors="1" skipped="0">
  <properties>
[...]
</properties>
  <testcase classname="app.SaveToMongoTest" name="saveImage" time="61.254">
    <error message="Timed out after 30000 ms while waiting for a server that matches WritableServerSelector. Client view of cluster state is {type=UNKNOWN, servers=[{address=ds245715.mlab.com:45715, type=UNKNOWN, state=CONNECTING, exception={com.mongodb.MongoSocketReadTimeoutException: Timeout while receiving message}, caused by {java.net.SocketTimeoutException: Read timed out}}]" type="com.mongodb.MongoTimeoutException">com.mongodb.MongoTimeoutException: Timed out after 30000 ms while waiting for a server that matches WritableServerSelector. Client view of cluster state is {type=UNKNOWN, servers=[{address=ds245715.mlab.com:45715, type=UNKNOWN, state=CONNECTING, exception={com.mongodb.MongoSocketReadTimeoutException: Timeout while receiving message}, caused by {java.net.SocketTimeoutException: Read timed out}}]
	at com.mongodb.connection.BaseCluster.createTimeoutException(BaseCluster.java:377)
	at com.mongodb.connection.BaseCluster.selectServer(BaseCluster.java:104)
	at com.mongodb.binding.ClusterBinding$ClusterBindingConnectionSource.&lt;init&gt;(ClusterBinding.java:75)
	at com.mongodb.binding.ClusterBinding$ClusterBindingConnectionSource.&lt;init&gt;(ClusterBinding.java:71)
	at com.mongodb.binding.ClusterBinding.getWriteConnectionSource(ClusterBinding.java:68)
	at com.mongodb.operation.OperationHelper.withConnection(OperationHelper.java:415)
	at com.mongodb.operation.BaseWriteOperation.execute(BaseWriteOperation.java:133)
	at com.mongodb.operation.BaseWriteOperation.execute(BaseWriteOperation.java:60)
	at com.mongodb.Mongo.execute(Mongo.java:845)
	at com.mongodb.Mongo$2.execute(Mongo.java:828)
	at com.mongodb.DBCollection.executeWriteOperation(DBCollection.java:342)
	at com.mongodb.DBCollection.insert(DBCollection.java:337)
	at com.mongodb.DBCollection.insert(DBCollection.java:328)
	at com.mongodb.DBCollection.insert(DBCollection.java:298)
	at com.mongodb.DBCollection.insert(DBCollection.java:264)
	at com.mongodb.DBCollection.insert(DBCollection.java:186)
	at com.mongodb.DBCollection.save(DBCollection.java:407)
	at com.mongodb.DBCollection.save(DBCollection.java:382)
	at com.mongodb.gridfs.GridFSInputFile.dumpBuffer(GridFSInputFile.java:276)
	at com.mongodb.gridfs.GridFSInputFile.saveChunks(GridFSInputFile.java:229)
	at com.mongodb.gridfs.GridFSInputFile.save(GridFSInputFile.java:178)
	at com.mongodb.gridfs.GridFSInputFile.save(GridFSInputFile.java:160)
	at app.SaveToMongo.saveImageIntoMongoDB(SaveToMongo.java:33)
	at app.SaveToMongoTest.saveImage(SaveToMongoTest.java:11)
	at sun.reflect.NativeMethodAccessorImpl.invoke0(Native Method)
	at sun.reflect.NativeMethodAccessorImpl.invoke(NativeMethodAccessorImpl.java:62)
	at sun.reflect.DelegatingMethodAccessorImpl.invoke(DelegatingMethodAccessorImpl.java:43)
	at java.lang.reflect.Method.invoke(Method.java:498)
	at org.junit.runners.model.FrameworkMethod$1.runReflectiveCall(FrameworkMethod.java:50)
	at org.junit.internal.runners.model.ReflectiveCallable.run(ReflectiveCallable.java:12)
	at org.junit.runners.model.FrameworkMethod.invokeExplosively(FrameworkMethod.java:47)
	at org.junit.internal.runners.statements.InvokeMethod.evaluate(InvokeMethod.java:17)
	at org.junit.runners.ParentRunner.runLeaf(ParentRunner.java:325)
	at org.junit.runners.BlockJUnit4ClassRunner.runChild(BlockJUnit4ClassRunner.java:78)
	at org.junit.runners.BlockJUnit4ClassRunner.runChild(BlockJUnit4ClassRunner.java:57)
	at org.junit.runners.ParentRunner$3.run(ParentRunner.java:290)
	at org.junit.runners.ParentRunner$1.schedule(ParentRunner.java:71)
	at org.junit.runners.ParentRunner.runChildren(ParentRunner.java:288)
	at org.junit.runners.ParentRunner.access$000(ParentRunner.java:58)
	at org.junit.runners.ParentRunner$2.evaluate(ParentRunner.java:268)
	at org.junit.runners.ParentRunner.run(ParentRunner.java:363)
	at org.apache.maven.surefire.junit4.JUnit4Provider.execute(JUnit4Provider.java:252)
	at org.apache.maven.surefire.junit4.JUnit4Provider.executeTestSet(JUnit4Provider.java:141)
	at org.apache.maven.surefire.junit4.JUnit4Provider.invoke(JUnit4Provider.java:112)
	at sun.reflect.NativeMethodAccessorImpl.invoke0(Native Method)
	at sun.reflect.NativeMethodAccessorImpl.invoke(NativeMethodAccessorImpl.java:62)
	at sun.reflect.DelegatingMethodAccessorImpl.invoke(DelegatingMethodAccessorImpl.java:43)
	at java.lang.reflect.Method.invoke(Method.java:498)
	at org.apache.maven.surefire.util.ReflectionUtils.invokeMethodWithArray(ReflectionUtils.java:189)
	at org.apache.maven.surefire.booter.ProviderFactory$ProviderProxy.invoke(ProviderFactory.java:165)
	at org.apache.maven.surefire.booter.ProviderFactory.invokeProvider(ProviderFactory.java:85)
	at org.apache.maven.surefire.booter.ForkedBooter.runSuitesInProcess(ForkedBooter.java:115)
	at org.apache.maven.surefire.booter.ForkedBooter.main(ForkedBooter.java:75)
</error>
    <system-err>Nov 10, 2018 2:31:20 PM com.mongodb.diagnostics.logging.JULLogger log
INFO: Cluster created with settings {hosts=[ds245715.mlab.com:45715], mode=SINGLE, requiredClusterType=UNKNOWN, serverSelectionTimeout=&apos;30000 ms&apos;, maxWaitQueueSize=500}
Nov 10, 2018 2:31:20 PM com.mongodb.diagnostics.logging.JULLogger log
INFO: No server chosen by ReadPreferenceServerSelector{readPreference=primary} from cluster description ClusterDescription{type=UNKNOWN, connectionMode=SINGLE, serverDescriptions=[ServerDescription{address=ds245715.mlab.com:45715, type=UNKNOWN, state=CONNECTING}]}. Waiting for 30000 ms before timing out
Nov 10, 2018 2:31:42 PM com.mongodb.diagnostics.logging.JULLogger log
INFO: Exception in monitor thread while connecting to server ds245715.mlab.com:45715
com.mongodb.MongoSocketReadTimeoutException: Timeout while receiving message
	at com.mongodb.connection.InternalStreamConnection.translateReadException(InternalStreamConnection.java:477)
	at com.mongodb.connection.InternalStreamConnection.receiveMessage(InternalStreamConnection.java:228)
	at com.mongodb.connection.CommandHelper.receiveReply(CommandHelper.java:134)
	at com.mongodb.connection.CommandHelper.receiveCommandResult(CommandHelper.java:121)
	at com.mongodb.connection.CommandHelper.executeCommand(CommandHelper.java:32)
	at com.mongodb.connection.InternalStreamConnectionInitializer.initializeConnectionDescription(InternalStreamConnectionInitializer.java:86)
	at com.mongodb.connection.InternalStreamConnectionInitializer.initialize(InternalStreamConnectionInitializer.java:45)
	at com.mongodb.connection.InternalStreamConnection.open(InternalStreamConnection.java:116)
	at com.mongodb.connection.DefaultServerMonitor$ServerMonitorRunnable.run(DefaultServerMonitor.java:113)
	at java.lang.Thread.run(Thread.java:748)
Caused by: java.net.SocketTimeoutException: Read timed out
	at java.net.SocketInputStream.socketRead0(Native Method)
	at java.net.SocketInputStream.socketRead(SocketInputStream.java:116)
	at java.net.SocketInputStream.read(SocketInputStream.java:171)
	at java.net.SocketInputStream.read(SocketInputStream.java:141)
	at com.mongodb.connection.SocketStream.read(SocketStream.java:85)
	at com.mongodb.connection.InternalStreamConnection.receiveResponseBuffers(InternalStreamConnection.java:494)
	at com.mongodb.connection.InternalStreamConnection.receiveMessage(InternalStreamConnection.java:224)
	... 8 more

Nov 10, 2018 2:31:50 PM com.mongodb.diagnostics.logging.JULLogger log
INFO: No server chosen by WritableServerSelector from cluster description ClusterDescription{type=UNKNOWN, connectionMode=SINGLE, serverDescriptions=[ServerDescription{address=ds245715.mlab.com:45715, type=UNKNOWN, state=CONNECTING, exception={com.mongodb.MongoSocketReadTimeoutException: Timeout while receiving message}, caused by {java.net.SocketTimeoutException: Read timed out}}]}. Waiting for 30000 ms before timing out
</system-err>
  </testcase>
</testsuite>